Copyright 1986-2017 Xilinx, Inc. All Rights Reserved.
-------------------------------------------------------------------------------------
| Tool Version : Vivado v.2017.4 (win64) Build 2086221 Fri Dec 15 20:55:39 MST 2017
| Date         : Mon Apr 20 21:17:59 2026
| Host         : LAPTOP-21A831KV running 64-bit major release  (build 9200)
| Command      : report_control_sets -verbose -file elevator_control_sets_placed.rpt
| Design       : elevator
| Device       : xc7a35t
-------------------------------------------------------------------------------------

Control Set Information

Table of Contents
-----------------
1. Summary
2. Flip-Flop Distribution
3. Detailed Control Set Information

1. Summary
----------

+----------------------------------------------------------+-------+
|                          Status                          | Count |
+----------------------------------------------------------+-------+
| Number of unique control sets                            |    16 |
| Unused register locations in slices containing registers |    67 |
+----------------------------------------------------------+-------+


2. Flip-Flop Distribution
-------------------------

+--------------+-----------------------+------------------------+-----------------+--------------+
| Clock Enable | Synchronous Set/Reset | Asynchronous Set/Reset | Total Registers | Total Slices |
+--------------+-----------------------+------------------------+-----------------+--------------+
| No           | No                    | No                     |              21 |           14 |
| No           | No                    | Yes                    |               0 |            0 |
| No           | Yes                   | No                     |              64 |           16 |
| Yes          | No                    | No                     |              34 |           15 |
| Yes          | No                    | Yes                    |               0 |            0 |
| Yes          | Yes                   | No                     |              22 |            9 |
+--------------+-----------------------+------------------------+-----------------+--------------+


3. Detailed Control Set Information
-----------------------------------

+------------------------+----------------------+--------------------------+------------------+----------------+
|      Clock Signal      |     Enable Signal    |     Set/Reset Signal     | Slice Load Count | Bel Load Count |
+------------------------+----------------------+--------------------------+------------------+----------------+
|  scan_clk_reg_n_0_BUFG | led[0]_i_1_n_0       | led[15]_i_1_n_0          |                1 |              1 |
|  scan_clk_reg_n_0_BUFG | led[3]_i_1_n_0       | led[15]_i_1_n_0          |                1 |              1 |
|  scan_clk_reg_n_0_BUFG | led[1]_i_1_n_0       | led[15]_i_1_n_0          |                1 |              1 |
|  scan_clk_reg_n_0_BUFG | led[2]_i_1_n_0       | led[15]_i_1_n_0          |                1 |              1 |
|  scan_clk_reg_n_0_BUFG | led[15]_i_2_n_0      | led[15]_i_1_n_0          |                1 |              2 |
|  scan_clk_reg_n_0_BUFG | btn_temp[3]_i_1_n_0  |                          |                2 |              2 |
|  uu0/clk_div_reg_n_0   |                      |                          |                2 |              3 |
|  scan_clk_reg_n_0_BUFG | led[11]_i_1_n_0      |                          |                2 |              5 |
|  clk_IBUF_BUFG         |                      |                          |                4 |              8 |
|  scan_clk_reg_n_0_BUFG |                      |                          |                8 |             10 |
|  scan_clk_reg_n_0_BUFG | btn_temp[15]_i_1_n_0 |                          |                4 |             10 |
|  scan_clk_reg_n_0_BUFG | sel                  | run_timer_ms[0]_i_1_n_0  |                4 |             16 |
|  clk_IBUF_BUFG         |                      | clear                    |                4 |             16 |
|  scan_clk_reg_n_0_BUFG | disp_data_right0     |                          |                7 |             17 |
|  clk_IBUF_BUFG         |                      | uu0/clk_div              |                6 |             24 |
|  clk_IBUF_BUFG         |                      | buzz_freq_cnt[0]_i_1_n_0 |                6 |             24 |
+------------------------+----------------------+--------------------------+------------------+----------------+


+--------+-----------------------+
| Fanout | Number of ControlSets |
+--------+-----------------------+
| 1      |                     4 |
| 2      |                     2 |
| 3      |                     1 |
| 5      |                     1 |
| 8      |                     1 |
| 10     |                     2 |
| 16+    |                     5 |
+--------+-----------------------+


